PRT1
28
51
4 0 14 (512 0 256 ) (48 0 256 ) (48 0 128 ) (512 0 128 ) 
4 0 4 (512 48 128 ) (512 0 128 ) (48 0 128 ) (48 48 128 ) 
4 0 3 (48 512 128 ) (512 512 128 ) (512 48 128 ) (48 48 128 ) 
4 0 2 (48 0 144 ) (48 0 256 ) (48 48 256 ) (48 48 144 ) 
4 0 1 (48 512 256 ) (48 512 128 ) (48 48 128 ) (48 48 256 ) 
4 1 6 (0 48 256 ) (0 512 256 ) (0 512 128 ) (0 48 128 ) 
4 1 3 (0 48 128 ) (0 512 128 ) (48 512 128 ) (48 48 128 ) 
4 1 2 (48 48 144 ) (48 48 256 ) (0 48 256 ) (0 48 144 ) 
4 2 15 (48 0 256 ) (0 0 256 ) (0 0 144 ) (48 0 144 ) 
4 2 7 (0 0 144 ) (0 0 256 ) (0 48 256 ) (0 48 144 ) 
4 3 9 (0 48 128 ) (0 512 128 ) (0 512 0 ) (0 48 0 ) 
4 3 4 (48 48 0 ) (512 48 0 ) (512 48 128 ) (48 48 128 ) 
4 4 17 (48 0 0 ) (512 0 0 ) (512 0 128 ) (48 0 128 ) 
4 5 18 (0 0 128 ) (0 0 0 ) (32 0 0 ) (32 0 128 ) 
4 5 11 (0 0 0 ) (0 0 128 ) (0 24 128 ) (0 24 0 ) 
4 5 10 (0 24 128 ) (0 32 128 ) (0 32 0 ) (0 24 0 ) 
4 6 9 (0 512 128 ) (0 48 128 ) (-48 48 128 ) (-48 512 128 ) 
4 6 7 (-48 48 256 ) (-48 48 144 ) (0 48 144 ) (0 48 256 ) 
4 6 8 (-48 512 256 ) (-48 512 128 ) (-48 48 128 ) (-48 48 256 ) 
4 7 20 (0 0 144 ) (0 0 256 ) (-48 0 256 ) (-48 0 144 ) 
4 7 8 (-48 0 144 ) (-48 0 256 ) (-48 48 256 ) (-48 48 144 ) 
4 8 22 (-48 0 256 ) (-512 0 256 ) (-512 0 128 ) (-48 0 128 ) 
4 8 13 (-48 0 128 ) (-512 0 128 ) (-512 512 128 ) (-48 512 128 ) 
4 9 13 (-48 512 128 ) (-48 512 0 ) (-48 48 0 ) (-48 48 128 ) 
4 10 11 (-32 24 0 ) (0 24 0 ) (0 24 128 ) (-32 24 128 ) 
4 11 23 (0 0 0 ) (0 0 128 ) (-32 0 128 ) (-32 0 0 ) 
4 11 12 (-32 24 96 ) (-32 24 0 ) (-32 0 0 ) (-32 0 96 ) 
4 12 24 (-48 0 96 ) (-48 0 0 ) (-32 0 0 ) (-32 0 96 ) 
4 12 13 (-48 24 0 ) (-48 0 0 ) (-48 0 96 ) (-48 24 96 ) 
4 13 27 (-48 0 128 ) (-512 0 128 ) (-512 0 0 ) (-48 0 0 ) 
4 14 17 (48 0 128 ) (512 0 128 ) (512 -48 128 ) (48 -48 128 ) 
4 14 19 (512 -48 128 ) (512 -512 128 ) (48 -512 128 ) (48 -48 128 ) 
4 14 15 (48 -48 144 ) (48 -48 256 ) (48 0 256 ) (48 0 144 ) 
4 14 16 (48 -48 128 ) (48 -512 128 ) (48 -512 256 ) (48 -48 256 ) 
4 15 20 (0 0 256 ) (0 0 144 ) (0 -48 144 ) (0 -48 256 ) 
4 15 16 (48 -48 144 ) (48 -48 256 ) (0 -48 256 ) (0 -48 144 ) 
4 16 21 (0 -48 128 ) (0 -512 128 ) (0 -512 256 ) (0 -48 256 ) 
4 16 19 (0 -512 128 ) (0 -48 128 ) (48 -48 128 ) (48 -512 128 ) 
4 17 19 (48 -48 0 ) (512 -48 0 ) (512 -48 128 ) (48 -48 128 ) 
4 18 25 (0 -24 0 ) (0 -32 0 ) (0 -32 128 ) (0 -24 128 ) 
4 18 23 (0 0 128 ) (0 0 0 ) (0 -24 0 ) (0 -24 128 ) 
4 19 26 (0 -48 0 ) (0 -512 0 ) (0 -512 128 ) (0 -48 128 ) 
4 20 21 (-48 -48 256 ) (-48 -48 144 ) (0 -48 144 ) (0 -48 256 ) 
4 20 22 (-48 -48 144 ) (-48 -48 256 ) (-48 0 256 ) (-48 0 144 ) 
4 21 26 (0 -48 128 ) (0 -512 128 ) (-48 -512 128 ) (-48 -48 128 ) 
4 21 22 (-48 -48 128 ) (-48 -512 128 ) (-48 -512 256 ) (-48 -48 256 ) 
4 22 27 (-512 0 128 ) (-48 0 128 ) (-48 -512 128 ) (-512 -512 128 ) 
4 23 25 (-32 -24 0 ) (0 -24 0 ) (0 -24 128 ) (-32 -24 128 ) 
4 23 24 (-32 0 0 ) (-32 -24 0 ) (-32 -24 96 ) (-32 0 96 ) 
4 24 27 (-48 0 0 ) (-48 -24 0 ) (-48 -24 96 ) (-48 0 96 ) 
4 26 27 (-48 -48 0 ) (-48 -512 0 ) (-48 -512 128 ) (-48 -48 128 ) 
